# JRE version: Java(TM) SE Runtime Environment (8.0_131-b11) (build 1.8.0_131-b11)
# Java VM: Java HotSpot(TM) Client VM (25.131-b11 mixed mode windows-x86 )
Heap:
 def new generation   total 4992K, used 3073K [0x04a00000, 0x04f60000, 0x09f50000)
  eden space 4480K,  57% used [0x04a00000, 0x04c80798, 0x04e60000)
  from space 512K, 100% used [0x04ee0000, 0x04f60000, 0x04f60000)
  to   space 512K,   0% used [0x04e60000, 0x04e60000, 0x04ee0000)
 tenured generation   total 10944K, used 10193K [0x09f50000, 0x0aa00000, 0x14a00000)
   the space 10944K,  93% used [0x09f50000, 0x0a944668, 0x0a944800, 0x0aa00000)
 Metaspace       used 17637K, capacity 18666K, committed 18816K, reserved 18816K
GC Heap History (10 events):
Event: 1.442 GC heap before
{Heap before GC invocations=15 (full 1):
 def new generation   total 4992K, used 4992K [0x04a00000, 0x04f60000, 0x09f50000)
  eden space 4480K, 100% used [0x04a00000, 0x04e60000, 0x04e60000)
  from space 512K, 100% used [0x04e60000, 0x04ee0000, 0x04ee0000)
  to   space 512K,   0% used [0x04ee0000, 0x04ee0000, 0x04f60000)
 tenured generation   total 10944K, used 8206K [0x09f50000, 0x0aa00000, 0x14a00000)
   the space 10944K,  74% used [0x09f50000, 0x0a753a98, 0x0a753c00, 0x0aa00000)
 Metaspace       used 15693K, capacity 16711K, committed 16768K, reserved 16768K
Event: 1.445 GC heap after
Heap after GC invocations=16 (full 1):
 def new generation   total 4992K, used 511K [0x04a00000, 0x04f60000, 0x09f50000)
  eden space 4480K,   0% used [0x04a00000, 0x04a00000, 0x04e60000)
  from space 512K,  99% used [0x04ee0000, 0x04f5ffc8, 0x04f60000)
  to   space 512K,   0% used [0x04e60000, 0x04e60000, 0x04ee0000)
 tenured generation   total 10944K, used 8584K [0x09f50000, 0x0aa00000, 0x14a00000)
   the space 10944K,  78% used [0x09f50000, 0x0a7b22b8, 0x0a7b2400, 0x0aa00000)
 Metaspace       used 15693K, capacity 16711K, committed 16768K, reserved 16768K
}
Event: 1.506 GC heap before
{Heap before GC invocations=16 (full 1):
 def new generation   total 4992K, used 4971K [0x04a00000, 0x04f60000, 0x09f50000)
  eden space 4480K,  99% used [0x04a00000, 0x04e5ae60, 0x04e60000)
  from space 512K,  99% used [0x04ee0000, 0x04f5ffc8, 0x04f60000)
  to   space 512K,   0% used [0x04e60000, 0x04e60000, 0x04ee0000)
 tenured generation   total 10944K, used 8584K [0x09f50000, 0x0aa00000, 0x14a00000)
   the space 10944K,  78% used [0x09f50000, 0x0a7b22b8, 0x0a7b2400, 0x0aa00000)
 Metaspace       used 16074K, capacity 17095K, committed 17152K, reserved 17792K
Event: 1.508 GC heap after
Heap after GC invocations=17 (full 1):
 def new generation   total 4992K, used 511K [0x04a00000, 0x04f60000, 0x09f50000)
  eden space 4480K,   0% used [0x04a00000, 0x04a00000, 0x04e60000)
  from space 512K,  99% used [0x04e60000, 0x04edfff8, 0x04ee0000)
  to   space 512K,   0% used [0x04ee0000, 0x04ee0000, 0x04f60000)
 tenured generation   total 10944K, used 9032K [0x09f50000, 0x0aa00000, 0x14a00000)
   the space 10944K,  82% used [0x09f50000, 0x0a8221a0, 0x0a822200, 0x0aa00000)
 Metaspace       used 16074K, capacity 17095K, committed 17152K, reserved 17792K
}
Event: 1.618 GC heap before
{Heap before GC invocations=17 (full 1):
 def new generation   total 4992K, used 4991K [0x04a00000, 0x04f60000, 0x09f50000)
  eden space 4480K, 100% used [0x04a00000, 0x04e60000, 0x04e60000)
  from space 512K,  99% used [0x04e60000, 0x04edfff8, 0x04ee0000)
  to   space 512K,   0% used [0x04ee0000, 0x04ee0000, 0x04f60000)
 tenured generation   total 10944K, used 9032K [0x09f50000, 0x0aa00000, 0x14a00000)
   the space 10944K,  82% used [0x09f50000, 0x0a8221a0, 0x0a822200, 0x0aa00000)
 Metaspace       used 16730K, capacity 17767K, committed 17920K, reserved 18816K
Event: 1.620 GC heap after
Heap after GC invocations=18 (full 1):
 def new generation   total 4992K, used 512K [0x04a00000, 0x04f60000, 0x09f50000)
  eden space 4480K,   0% used [0x04a00000, 0x04a00000, 0x04e60000)
  from space 512K, 100% used [0x04ee0000, 0x04f60000, 0x04f60000)
  to   space 512K,   0% used [0x04e60000, 0x04e60000, 0x04ee0000)
 tenured generation   total 10944K, used 9635K [0x09f50000, 0x0aa00000, 0x14a00000)
   the space 10944K,  88% used [0x09f50000, 0x0a8b8cb8, 0x0a8b8e00, 0x0aa00000)
 Metaspace       used 16730K, capacity 17767K, committed 17920K, reserved 18816K
}
Event: 1.674 GC heap before
{Heap before GC invocations=18 (full 1):
 def new generation   total 4992K, used 4992K [0x04a00000, 0x04f60000, 0x09f50000)
  eden space 4480K, 100% used [0x04a00000, 0x04e60000, 0x04e60000)
  from space 512K, 100% used [0x04ee0000, 0x04f60000, 0x04f60000)
  to   space 512K,   0% used [0x04e60000, 0x04e60000, 0x04ee0000)
 tenured generation   total 10944K, used 9635K [0x09f50000, 0x0aa00000, 0x14a00000)
   the space 10944K,  88% used [0x09f50000, 0x0a8b8cb8, 0x0a8b8e00, 0x0aa00000)
 Metaspace       used 17025K, capacity 18058K, committed 18176K, reserved 18816K
Event: 1.676 GC heap after
Heap after GC invocations=19 (full 1):
 def new generation   total 4992K, used 497K [0x04a00000, 0x04f60000, 0x09f50000)
  eden space 4480K,   0% used [0x04a00000, 0x04a00000, 0x04e60000)
  from space 512K,  97% used [0x04e60000, 0x04edc6b8, 0x04ee0000)
  to   space 512K,   0% used [0x04ee0000, 0x04ee0000, 0x04f60000)
 tenured generation   total 10944K, used 9887K [0x09f50000, 0x0aa00000, 0x14a00000)
   the space 10944K,  90% used [0x09f50000, 0x0a8f7ee8, 0x0a8f8000, 0x0aa00000)
 Metaspace       used 17025K, capacity 18058K, committed 18176K, reserved 18816K
}
Event: 1.739 GC heap before
{Heap before GC invocations=19 (full 1):
 def new generation   total 4992K, used 4977K [0x04a00000, 0x04f60000, 0x09f50000)
  eden space 4480K, 100% used [0x04a00000, 0x04e60000, 0x04e60000)
  from space 512K,  97% used [0x04e60000, 0x04edc6b8, 0x04ee0000)
  to   space 512K,   0% used [0x04ee0000, 0x04ee0000, 0x04f60000)
 tenured generation   total 10944K, used 9887K [0x09f50000, 0x0aa00000, 0x14a00000)
   the space 10944K,  90% used [0x09f50000, 0x0a8f7ee8, 0x0a8f8000, 0x0aa00000)
 Metaspace       used 17489K, capacity 18538K, committed 18688K, reserved 18816K
Event: 1.741 GC heap after
Heap after GC invocations=20 (full 1):
 def new generation   total 4992K, used 512K [0x04a00000, 0x04f60000, 0x09f50000)
  eden space 4480K,   0% used [0x04a00000, 0x04a00000, 0x04e60000)
  from space 512K, 100% used [0x04ee0000, 0x04f60000, 0x04f60000)
  to   space 512K,   0% used [0x04e60000, 0x04e60000, 0x04ee0000)
 tenured generation   total 10944K, used 10193K [0x09f50000, 0x0aa00000, 0x14a00000)
   the space 10944K,  93% used [0x09f50000, 0x0a944668, 0x0a944800, 0x0aa00000)
 Metaspace       used 17489K, capacity 18538K, committed 18688K, reserved 18816K
}

