# JRE version: Java(TM) SE Runtime Environment (8.0_131-b11) (build 1.8.0_131-b11)
# Java VM: Java HotSpot(TM) Client VM (25.131-b11 mixed mode windows-x86 )
Heap:
 def new generation   total 4992K, used 2092K [0x04a00000, 0x04f60000, 0x09f50000)
  eden space 4480K,  35% used [0x04a00000, 0x04b8b138, 0x04e60000)
  from space 512K, 100% used [0x04ee0000, 0x04f60000, 0x04f60000)
  to   space 512K,   0% used [0x04e60000, 0x04e60000, 0x04ee0000)
 tenured generation   total 10944K, used 10486K [0x09f50000, 0x0aa00000, 0x14a00000)
   the space 10944K,  95% used [0x09f50000, 0x0a98daf0, 0x0a98dc00, 0x0aa00000)
 Metaspace       used 17573K, capacity 18602K, committed 18688K, reserved 18816K
GC Heap History (10 events):
Event: 1.471 GC heap before
{Heap before GC invocations=16 (full 1):
 def new generation   total 4992K, used 4991K [0x04a00000, 0x04f60000, 0x09f50000)
  eden space 4480K, 100% used [0x04a00000, 0x04e60000, 0x04e60000)
  from space 512K,  99% used [0x04e60000, 0x04edfff8, 0x04ee0000)
  to   space 512K,   0% used [0x04ee0000, 0x04ee0000, 0x04f60000)
 tenured generation   total 10944K, used 8510K [0x09f50000, 0x0aa00000, 0x14a00000)
   the space 10944K,  77% used [0x09f50000, 0x0a79f870, 0x0a79fa00, 0x0aa00000)
 Metaspace       used 15679K, capacity 16711K, committed 16768K, reserved 16768K
Event: 1.474 GC heap after
Heap after GC invocations=17 (full 1):
 def new generation   total 4992K, used 512K [0x04a00000, 0x04f60000, 0x09f50000)
  eden space 4480K,   0% used [0x04a00000, 0x04a00000, 0x04e60000)
  from space 512K, 100% used [0x04ee0000, 0x04f60000, 0x04f60000)
  to   space 512K,   0% used [0x04e60000, 0x04e60000, 0x04ee0000)
 tenured generation   total 10944K, used 8900K [0x09f50000, 0x0aa00000, 0x14a00000)
   the space 10944K,  81% used [0x09f50000, 0x0a8010a8, 0x0a801200, 0x0aa00000)
 Metaspace       used 15679K, capacity 16711K, committed 16768K, reserved 16768K
}
Event: 1.550 GC heap before
{Heap before GC invocations=17 (full 1):
 def new generation   total 4992K, used 4992K [0x04a00000, 0x04f60000, 0x09f50000)
  eden space 4480K, 100% used [0x04a00000, 0x04e60000, 0x04e60000)
  from space 512K, 100% used [0x04ee0000, 0x04f60000, 0x04f60000)
  to   space 512K,   0% used [0x04e60000, 0x04e60000, 0x04ee0000)
 tenured generation   total 10944K, used 8900K [0x09f50000, 0x0aa00000, 0x14a00000)
   the space 10944K,  81% used [0x09f50000, 0x0a8010a8, 0x0a801200, 0x0aa00000)
 Metaspace       used 16129K, capacity 17159K, committed 17280K, reserved 17792K
Event: 1.553 GC heap after
Heap after GC invocations=18 (full 1):
 def new generation   total 4992K, used 511K [0x04a00000, 0x04f60000, 0x09f50000)
  eden space 4480K,   0% used [0x04a00000, 0x04a00000, 0x04e60000)
  from space 512K,  99% used [0x04e60000, 0x04edfff8, 0x04ee0000)
  to   space 512K,   0% used [0x04ee0000, 0x04ee0000, 0x04f60000)
 tenured generation   total 10944K, used 9414K [0x09f50000, 0x0aa00000, 0x14a00000)
   the space 10944K,  86% used [0x09f50000, 0x0a881b48, 0x0a881c00, 0x0aa00000)
 Metaspace       used 16129K, capacity 17159K, committed 17280K, reserved 17792K
}
Event: 1.657 GC heap before
{Heap before GC invocations=18 (full 1):
 def new generation   total 4992K, used 4991K [0x04a00000, 0x04f60000, 0x09f50000)
  eden space 4480K, 100% used [0x04a00000, 0x04e60000, 0x04e60000)
  from space 512K,  99% used [0x04e60000, 0x04edfff8, 0x04ee0000)
  to   space 512K,   0% used [0x04ee0000, 0x04ee0000, 0x04f60000)
 tenured generation   total 10944K, used 9414K [0x09f50000, 0x0aa00000, 0x14a00000)
   the space 10944K,  86% used [0x09f50000, 0x0a881b48, 0x0a881c00, 0x0aa00000)
 Metaspace       used 16735K, capacity 17770K, committed 17920K, reserved 18816K
Event: 1.660 GC heap after
Heap after GC invocations=19 (full 1):
 def new generation   total 4992K, used 512K [0x04a00000, 0x04f60000, 0x09f50000)
  eden space 4480K,   0% used [0x04a00000, 0x04a00000, 0x04e60000)
  from space 512K, 100% used [0x04ee0000, 0x04f60000, 0x04f60000)
  to   space 512K,   0% used [0x04e60000, 0x04e60000, 0x04ee0000)
 tenured generation   total 10944K, used 10031K [0x09f50000, 0x0aa00000, 0x14a00000)
   the space 10944K,  91% used [0x09f50000, 0x0a91bc48, 0x0a91be00, 0x0aa00000)
 Metaspace       used 16735K, capacity 17770K, committed 17920K, reserved 18816K
}
Event: 1.709 GC heap before
{Heap before GC invocations=19 (full 1):
 def new generation   total 4992K, used 4992K [0x04a00000, 0x04f60000, 0x09f50000)
  eden space 4480K, 100% used [0x04a00000, 0x04e60000, 0x04e60000)
  from space 512K, 100% used [0x04ee0000, 0x04f60000, 0x04f60000)
  to   space 512K,   0% used [0x04e60000, 0x04e60000, 0x04ee0000)
 tenured generation   total 10944K, used 10031K [0x09f50000, 0x0aa00000, 0x14a00000)
   the space 10944K,  91% used [0x09f50000, 0x0a91bc48, 0x0a91be00, 0x0aa00000)
 Metaspace       used 17018K, capacity 18058K, committed 18176K, reserved 18816K
Event: 1.712 GC heap after
Heap after GC invocations=20 (full 1):
 def new generation   total 4992K, used 482K [0x04a00000, 0x04f60000, 0x09f50000)
  eden space 4480K,   0% used [0x04a00000, 0x04a00000, 0x04e60000)
  from space 512K,  94% used [0x04e60000, 0x04ed8858, 0x04ee0000)
  to   space 512K,   0% used [0x04ee0000, 0x04ee0000, 0x04f60000)
 tenured generation   total 10944K, used 10218K [0x09f50000, 0x0aa00000, 0x14a00000)
   the space 10944K,  93% used [0x09f50000, 0x0a94a9b8, 0x0a94aa00, 0x0aa00000)
 Metaspace       used 17018K, capacity 18058K, committed 18176K, reserved 18816K
}
Event: 1.958 GC heap before
{Heap before GC invocations=20 (full 1):
 def new generation   total 4992K, used 4962K [0x04a00000, 0x04f60000, 0x09f50000)
  eden space 4480K, 100% used [0x04a00000, 0x04e60000, 0x04e60000)
  from space 512K,  94% used [0x04e60000, 0x04ed8858, 0x04ee0000)
  to   space 512K,   0% used [0x04ee0000, 0x04ee0000, 0x04f60000)
 tenured generation   total 10944K, used 10218K [0x09f50000, 0x0aa00000, 0x14a00000)
   the space 10944K,  93% used [0x09f50000, 0x0a94a9b8, 0x0a94aa00, 0x0aa00000)
 Metaspace       used 17468K, capacity 18506K, committed 18560K, reserved 18816K
Event: 1.960 GC heap after
Heap after GC invocations=21 (full 1):
 def new generation   total 4992K, used 512K [0x04a00000, 0x04f60000, 0x09f50000)
  eden space 4480K,   0% used [0x04a00000, 0x04a00000, 0x04e60000)
  from space 512K, 100% used [0x04ee0000, 0x04f60000, 0x04f60000)
  to   space 512K,   0% used [0x04e60000, 0x04e60000, 0x04ee0000)
 tenured generation   total 10944K, used 10486K [0x09f50000, 0x0aa00000, 0x14a00000)
   the space 10944K,  95% used [0x09f50000, 0x0a98daf0, 0x0a98dc00, 0x0aa00000)
 Metaspace       used 17468K, capacity 18506K, committed 18560K, reserved 18816K
}

